<?xml version="1.0" encoding="UTF-8"?>
<!-- Generated by org.testng.reporters.JUnitReportReporter -->
<testsuite hostname="DESKTOP-N7AV2BE" failures="0" tests="8" name="TestCases" time="1.168" errors="0" timestamp="2025-01-07T18:18:09 EET" skipped="7">
  <testcase classname="TestCases" name="Web_Table_Example" time="1.168"/>
  <system-out/>
  <testcase classname="TestCases" name="Dynamic_Dropdown_Example">
    <skipped/>
  </testcase> <!-- Dynamic_Dropdown_Example -->
  <system-out/>
  <testcase classname="TestCases" name="Switch_Tab_Example">
    <skipped/>
  </testcase> <!-- Switch_Tab_Example -->
  <system-out/>
  <testcase classname="TestCases" name="Static_Dropdown_Example">
    <skipped/>
  </testcase> <!-- Static_Dropdown_Example -->
  <system-out/>
  <testcase classname="TestCases" name="Switch_To_Alert_Example">
    <skipped/>
  </testcase> <!-- Switch_To_Alert_Example -->
  <system-out/>
  <testcase classname="TestCases" name="Switch_Window_Example">
    <skipped/>
  </testcase> <!-- Switch_Window_Example -->
  <system-out/>
  <testcase classname="TestCases" name="Checkbox_Example">
    <skipped/>
  </testcase> <!-- Checkbox_Example -->
  <system-out/>
  <testcase classname="TestCases" name="Radio_Button_Example">
    <skipped/>
  </testcase> <!-- Radio_Button_Example -->
  <system-out/>
</testsuite> <!-- TestCases -->
